{"timestamp":"2026-03-01T10:00:00.000000+00:00","level":"WARN","call_id":"mock-call-0001","company_name":"mock-company-2","filename":"mock_service.py","func":"handle_mock_event","message":"Mock event 1 processed","extra":{"request_id":"req-0001","attempt":2,"nested":{"source":"generator","batch":"b-02"}}}
{"timestamp":"2026-03-01T10:00:01.000000+00:00","level":"ERROR","call_id":"mock-call-0002","company_name":"mock-company-3","filename":"mock_service.py","func":"handle_mock_event","message":"Mock event 2 processed","extra":{"request_id":"req-0002","attempt":3,"nested":{"source":"generator","batch":"b-03"}}}
{"timestamp":"2026-03-01T10:00:02.000000+00:00","level":"DEBUG","call_id":"mock-call-0003","company_name":"mock-company-4","filename":"mock_service.py","func":"handle_mock_event","message":"Mock event 3 processed","extra":{"request_id":"req-0003","attempt":1,"nested":{"source":"generator","batch":"b-04"}}}
{"timestamp":"2026-03-01T10:00:03.000000+00:00","level":"INFO","call_id":"mock-call-0004","company_name":"mock-company-5","filename":"mock_service.py","func":"handle_mock_event","message":"Mock event 4 processed","extra":{"request_id":"req-0004","attempt":2,"nested":{"source":"generator","batch":"b-01"}}}
{"timestamp":"2026-03-01T10:00:04.000000+00:00","level":"WARN","call_id":"mock-call-0005","company_name":"mock-company-1","filename":"mock_service.py","func":"handle_mock_event","message":"Mock event 5 processed","extra":{"request_id":"req-0005","attempt":3,"nested":{"source":"generator","batch":"b-02"}}}
{"timestamp":"2026-03-01T10:00:05.000000+00:00","level":"ERROR","call_id":"mock-call-0006","company_name":"mock-company-2","filename":"mock_service.py","func":"handle_mock_event","message":"Mock event 6 processed","extra":{"request_id":"req-0006","attempt":1,"nested":{"source":"generator","batch":"b-03"}}}
{"timestamp":"2026-03-01T10:00:06.000000+00:00","level":"DEBUG","call_id":"mock-call-0007","company_name":"mock-company-3","filename":"mock_service.py","func":"handle_mock_event","message":"Mock event 7 processed","extra":{"request_id":"req-0007","attempt":2,"nested":{"source":"generator","batch":"b-04"}}}
{"timestamp":"2026-03-01T10:00:07.000000+00:00","level":"INFO","call_id":"mock-call-0008","company_name":"mock-company-4","filename":"mock_service.py","func":"handle_mock_event","message":"Mock event 8 processed","extra":{"request_id":"req-0008","attempt":3,"nested":{"source":"generator","batch":"b-01"}}}
{"timestamp":"2026-03-01T10:00:08.000000+00:00","level":"WARN","call_id":null,"company_name":"mock-company-5","filename":"mock_service.py","func":"handle_mock_event","message":"Mock event 9 processed","extra":{"request_id":"req-0009","attempt":1,"nested":{"source":"generator","batch":"b-02"}}}
{"timestamp":"2026-03-01T10:00:09.000000+00:00","level":"ERROR","call_id":"mock-call-0010","company_name":"mock-company-1","filename":"mock_service.py","func":"handle_mock_event","message":"Mock event 10 processed","extra":{"request_id":"req-0010","attempt":2,"nested":{"source":"generator","batch":"b-03"}}}
{"timestamp":"2026-03-01T10:00:10.000000+00:00","level":"DEBUG","call_id":"mock-call-0011","company_name":"mock-company-2","filename":"mock_service.py","func":"handle_mock_event","message":"Mock event 11 processed","extra":{"request_id":"req-0011","attempt":3,"nested":{"source":"generator","batch":"b-04"}}}
{"timestamp":"2026-03-01T10:00:11.000000+00:00","level":"INFO","call_id":"mock-call-0012","company_name":"mock-company-3","filename":"mock_service.py","func":"handle_mock_event","message":"Mock event 12 processed","extra":{"request_id":"req-0012","attempt":1,"nested":{"source":"generator","batch":"b-01"}}}
{"timestamp":"2026-03-01T10:00:12.000000+00:00","level":"WARN","call_id":"mock-call-0013","company_name":"mock-company-4","filename":"mock_service.py","func":"handle_mock_event","message":"Mock event 13 processed","extra":{"request_id":"req-0013","attempt":2,"nested":{"source":"generator","batch":"b-02"}}}
{"timestamp":"2026-03-01T10:00:13.000000+00:00","level":"ERROR","call_id":"mock-call-0014","company_name":"mock-company-5","filename":"mock_service.py","func":"handle_mock_event","message":"Mock event 14 processed","extra":{"request_id":"req-0014","attempt":3,"nested":{"source":"generator","batch":"b-03"}}}
{"timestamp":"2026-03-01T10:00:14.000000+00:00","level":"DEBUG","call_id":"mock-call-0015","company_name":"mock-company-1","filename":"mock_service.py","func":"handle_mock_event","message":"Mock event 15 processed","extra":{"request_id":"req-0015","attempt":1,"nested":{"source":"generator","batch":"b-04"}}}
{"timestamp":"2026-03-01T10:00:15.000000+00:00","level":"INFO","call_id":"mock-call-0016","company_name":"mock-company-2","filename":"mock_service.py","func":"handle_mock_event","message":"Mock event 16 processed","extra":{"request_id":"req-0016","attempt":2,"nested":{"source":"generator","batch":"b-01"}}}
{"timestamp":"2026-03-01T10:00:16.000000+00:00","level":"WARN","call_id":"mock-call-0017","company_name":"mock-company-3","filename":"mock_service.py","func":"handle_mock_event","message":"Mock event 17 processed","extra":{"request_id":"req-0017","attempt":3,"nested":{"source":"generator","batch":"b-02"}}}
{"timestamp":"2026-03-01T10:00:17.000000+00:00","level":"ERROR","call_id":null,"company_name":"mock-company-4","filename":"mock_service.py","func":"handle_mock_event","message":"Mock event 18 processed","extra":{"request_id":"req-0018","attempt":1,"nested":{"source":"generator","batch":"b-03"}}}
{"timestamp":"2026-03-01T10:00:18.000000+00:00","level":"DEBUG","call_id":"mock-call-0019","company_name":"mock-company-5","filename":"mock_service.py","func":"handle_mock_event","message":"Mock event 19 processed","extra":{"request_id":"req-0019","attempt":2,"nested":{"source":"generator","batch":"b-04"}}}
{"timestamp":"2026-03-01T10:00:19.000000+00:00","level":"INFO","call_id":"mock-call-0020","company_name":"mock-company-1","filename":"mock_service.py","func":"handle_mock_event","message":"Mock event 20 processed","extra":{"request_id":"req-0020","attempt":3,"nested":{"source":"generator","batch":"b-01"}}}
--- Logging error ---
Traceback (most recent call last):
  File "/app/mock/service.py", line 42, in process_event
    raise ValueError("mock failure")
ValueError: mock failure
{"timestamp":"2026-03-01T10:00:25.000000+00:00","level":"ERROR","call_id":"mock-call-0026","company_name":"mock-company-2","filename":"mock_service.py","func":"handle_mock_event","message":"Mock event 26 processed","extra":{"request_id":"req-0026","attempt":3,"nested":{"source":"generator","batch":"b-03"}}}
{"timestamp":"2026-03-01T10:00:26.000000+00:00","level":"DEBUG","call_id":null,"company_name":"mock-company-3","filename":"mock_service.py","func":"handle_mock_event","message":"Mock event 27 processed","extra":{"request_id":"req-0027","attempt":1,"nested":{"source":"generator","batch":"b-04"}}}
{"timestamp":"2026-03-01T10:00:27.000000+00:00","level":"INFO","call_id":"mock-call-0028","company_name":"mock-company-4","filename":"mock_service.py","func":"handle_mock_event","message":"Mock event 28 processed","extra":{"request_id":"req-0028","attempt":2,"nested":{"source":"generator","batch":"b-01"}}}
{"timestamp":"2026-03-01T10:00:28.000000+00:00","level":"WARN","call_id":"mock-call-0029","company_name":"mock-company-5","filename":"mock_service.py","func":"handle_mock_event","message":"Mock event 29 processed","extra":{"request_id":"req-0029","attempt":3,"nested":{"source":"generator","batch":"b-02"}}}
{"timestamp":"2026-03-01T10:00:29.000000+00:00","level":"ERROR","call_id":"mock-call-0030","company_name":"mock-company-1","filename":"mock_service.py","func":"handle_mock_event","message":"Mock event 30 processed","extra":{"request_id":"req-0030","attempt":1,"nested":{"source":"generator","batch":"b-03"}}}
{"timestamp":"2026-03-01T10:00:30.000000+00:00","level":"DEBUG","call_id":"mock-call-0031","company_name":"mock-company-2","filename":"mock_service.py","func":"handle_mock_event","message":"Mock event 31 processed","extra":{"request_id":"req-0031","attempt":2,"nested":{"source":"generator","batch":"b-04"}}}
{"timestamp":"2026-03-01T10:00:31.000000+00:00","level":"INFO","call_id":"mock-call-0032","company_name":"mock-company-3","filename":"mock_service.py","func":"handle_mock_event","message":"Mock event 32 processed","extra":{"request_id":"req-0032","attempt":3,"nested":{"source":"generator","batch":"b-01"}}}
{"timestamp":"2026-03-01T10:00:32.000000+00:00","level":"WARN","call_id":"mock-call-0033","company_name":"mock-company-4","filename":"mock_service.py","func":"handle_mock_event","message":"Mock event 33 processed","extra":{"request_id":"req-0033","attempt":1,"nested":{"source":"generator","batch":"b-02"}}}
{"timestamp":"2026-03-01T10:00:33.000000+00:00","level":"ERROR","call_id":"mock-call-0034","company_name":"mock-company-5","filename":"mock_service.py","func":"handle_mock_event","message":"Mock event 34 processed","extra":{"request_id":"req-0034","attempt":2,"nested":{"source":"generator","batch":"b-03"}}}
{"timestamp":"2026-03-01T10:00:34.000000+00:00","level":"DEBUG","call_id":"mock-call-0035","company_name":"mock-company-1","filename":"mock_service.py","func":"handle_mock_event","message":"Mock event 35 processed","extra":{"request_id":"req-0035","attempt":3,"nested":{"source":"generator","batch":"b-04"}}}
{"timestamp":"2026-03-01T10:00:35.000000+00:00","level":"INFO","call_id":null,"company_name":"mock-company-2","filename":"mock_service.py","func":"handle_mock_event","message":"Mock event 36 processed","extra":{"request_id":"req-0036","attempt":1,"nested":{"source":"generator","batch":"b-01"}}}
{"timestamp":"2026-03-01T10:00:36.000000+00:00","level":"WARN","call_id":"mock-call-0037","company_name":"mock-company-3","filename":"mock_service.py","func":"handle_mock_event","message":"Mock event 37 processed","extra":{"request_id":"req-0037","attempt":2,"nested":{"source":"generator","batch":"b-02"}}}
{"timestamp":"2026-03-01T10:00:37.000000+00:00","level":"ERROR","call_id":"mock-call-0038","company_name":"mock-company-4","filename":"mock_service.py","func":"handle_mock_event","message":"Mock event 38 processed","extra":{"request_id":"req-0038","attempt":3,"nested":{"source":"generator","batch":"b-03"}}}
{"timestamp":"2026-03-01T10:00:38.000000+00:00","level":"DEBUG","call_id":"mock-call-0039","company_name":"mock-company-5","filename":"mock_service.py","func":"handle_mock_event","message":"Mock event 39 processed","extra":{"request_id":"req-0039","attempt":1,"nested":{"source":"generator","batch":"b-04"}}}
{"timestamp":"2026-03-01T10:00:39.000000+00:00","level":"INFO","call_id":"mock-call-0040","company_name":"mock-company-1","filename":"mock_service.py","func":"handle_mock_event","message":"Mock event 40 processed","extra":{"request_id":"req-0040","attempt":2,"nested":{"source":"generator","batch":"b-01"}}}
{"timestamp":"2026-03-01T10:00:40.000000+00:00","level":"WARN","call_id":"mock-call-0041","company_name":"mock-company-2","filename":"mock_service.py","func":"handle_mock_event","message":"Mock event 41 processed","extra":{"request_id":"req-0041","attempt":3,"nested":{"source":"generator","batch":"b-02"}}}
{"timestamp":"2026-03-01T10:00:41.000000+00:00","level":"ERROR","call_id":"mock-call-0042","company_name":"mock-company-3","filename":"mock_service.py","func":"handle_mock_event","message":"Mock event 42 processed","extra":{"request_id":"req-0042","attempt":1,"nested":{"source":"generator","batch":"b-03"}}}
{"timestamp":"2026-03-01T10:00:42.000000+00:00","level":"DEBUG","call_id":"mock-call-0043","company_name":"mock-company-4","filename":"mock_service.py","func":"handle_mock_event","message":"Mock event 43 processed","extra":{"request_id":"req-0043","attempt":2,"nested":{"source":"generator","batch":"b-04"}}}
{"timestamp":"2026-03-01T10:00:43.000000+00:00","level":"INFO","call_id":"mock-call-0044","company_name":"mock-company-5","filename":"mock_service.py","func":"handle_mock_event","message":"Mock event 44 processed","extra":{"request_id":"req-0044","attempt":3,"nested":{"source":"generator","batch":"b-01"}}}
{"timestamp":"2026-03-01T10:00:44.000000+00:00","level":"WARN","call_id":null,"company_name":"mock-company-1","filename":"mock_service.py","func":"handle_mock_event","message":"Mock event 45 processed","extra":{"request_id":"req-0045","attempt":1,"nested":{"source":"generator","batch":"b-02"}}}
{"timestamp":"2026-03-01T10:00:45.000000+00:00","level":"ERROR","call_id":"mock-call-0046","company_name":"mock-company-2","filename":"mock_service.py","func":"handle_mock_event","message":"Mock event 46 processed","extra":{"request_id":"req-0046","attempt":2,"nested":{"source":"generator","batch":"b-03"}}}
{"timestamp":"2026-03-01T10:00:46.000000+00:00","level":"DEBUG","call_id":"mock-call-0047","company_name":"mock-company-3","filename":"mock_service.py","func":"handle_mock_event","message":"Mock event 47 processed","extra":{"request_id":"req-0047","attempt":3,"nested":{"source":"generator","batch":"b-04"}}}
{"timestamp":"2026-03-01T10:00:47.000000+00:00","level":"INFO","call_id":"mock-call-0048","company_name":"mock-company-4","filename":"mock_service.py","func":"handle_mock_event","message":"Mock event 48 processed","extra":{"request_id":"req-0048","attempt":1,"nested":{"source":"generator","batch":"b-01"}}}
{"timestamp":"2026-03-01T10:00:48.000000+00:00","level":"WARN","call_id":"mock-call-0049","company_name":"mock-company-5","filename":"mock_service.py","func":"handle_mock_event","message":"Mock event 49 processed","extra":{"request_id":"req-0049","attempt":2,"nested":{"source":"generator","batch":"b-02"}}}
{"timestamp":"2026-03-01T10:00:49.000000+00:00","level":"ERROR","call_id":"mock-call-0050","company_name":"mock-company-1","filename":"mock_service.py","func":"handle_mock_event","message":"Mock event 50 processed","extra":{"request_id":"req-0050","attempt":3,"nested":{"source":"generator","batch":"b-03"}}}
{"timestamp":"2026-03-01T10:00:50.000000+00:00","level":"DEBUG","call_id":"mock-call-0051","company_name":"mock-company-2","filename":"mock_service.py","func":"handle_mock_event","message":"Mock event 51 processed","extra":{"request_id":"req-0051","attempt":1,"nested":{"source":"generator","batch":"b-04"}}}
{"timestamp":"2026-03-01T10:00:51.000000+00:00","level":"INFO","call_id":"mock-call-0052","company_name":"mock-company-3","filename":"mock_service.py","func":"handle_mock_event","message":"Mock event 52 processed","extra":{"request_id":"req-0052","attempt":2,"nested":{"source":"generator","batch":"b-01"}}}
{"timestamp":"2026-03-01T10:00:52.000000+00:00","level":"WARN","call_id":"mock-call-0053","company_name":"mock-company-4","filename":"mock_service.py","func":"handle_mock_event","message":"Mock event 53 processed","extra":{"request_id":"req-0053","attempt":3,"nested":{"source":"generator","batch":"b-02"}}}
{"timestamp":"2026-03-01T10:00:53.000000+00:00","level":"ERROR","call_id":null,"company_name":"mock-company-5","filename":"mock_service.py","func":"handle_mock_event","message":"Mock event 54 processed","extra":{"request_id":"req-0054","attempt":1,"nested":{"source":"generator","batch":"b-03"}}}
{"timestamp":"2026-03-01T10:00:54.000000+00:00","level":"DEBUG","call_id":"mock-call-0055","company_name":"mock-company-1","filename":"mock_service.py","func":"handle_mock_event","message":"Mock event 55 processed","extra":{"request_id":"req-0055","attempt":2,"nested":{"source":"generator","batch":"b-04"}}}
{"timestamp":"2026-03-01T10:00:55.000000+00:00","level":"INFO","call_id":"mock-call-0056","company_name":"mock-company-2","filename":"mock_service.py","func":"handle_mock_event","message":"Mock event 56 processed","extra":{"request_id":"req-0056","attempt":3,"nested":{"source":"generator","batch":"b-01"}}}
{"timestamp":"2026-03-01T10:00:56.000000+00:00","level":"WARN","call_id":"mock-call-0057","company_name":"mock-company-3","filename":"mock_service.py","func":"handle_mock_event","message":"Mock event 57 processed","extra":{"request_id":"req-0057","attempt":1,"nested":{"source":"generator","batch":"b-02"}}}
{"timestamp":"2026-03-01T10:00:57.000000+00:00","level":"ERROR","call_id":"mock-call-0058","company_name":"mock-company-4","filename":"mock_service.py","func":"handle_mock_event","message":"Mock event 58 processed","extra":{"request_id":"req-0058","attempt":2,"nested":{"source":"generator","batch":"b-03"}}}
{"timestamp":"2026-03-01T10:00:58.000000+00:00","level":"DEBUG","call_id":"mock-call-0059","company_name":"mock-company-5","filename":"mock_service.py","func":"handle_mock_event","message":"Mock event 59 processed","extra":{"request_id":"req-0059","attempt":3,"nested":{"source":"generator","batch":"b-04"}}}
{"timestamp":"2026-03-01T10:00:59.000000+00:00","level":"INFO","call_id":"mock-call-0060","company_name":"mock-company-1","filename":"mock_service.py","func":"handle_mock_event","message":"Mock event 60 processed","extra":{"request_id":"req-0060","attempt":1,"nested":{"source":"generator","batch":"b-01"}}}
--- Logging error ---
Traceback (most recent call last):
  File "/app/mock/worker.py", line 10, in run
    1 / 0
ZeroDivisionError: division by zero
{"timestamp":"2026-03-01T10:01:05.000000+00:00","level":"ERROR","call_id":"mock-call-0066","company_name":"mock-company-2","filename":"mock_service.py","func":"handle_mock_event","message":"Mock event 66 processed","extra":{"request_id":"req-0066","attempt":1,"nested":{"source":"generator","batch":"b-03"}}}
{"timestamp":"2026-03-01T10:01:06.000000+00:00","level":"DEBUG","call_id":"mock-call-0067","company_name":"mock-company-3","filename":"mock_service.py","func":"handle_mock_event","message":"Mock event 67 processed","extra":{"request_id":"req-0067","attempt":2,"nested":{"source":"generator","batch":"b-04"}}}
{"timestamp":"2026-03-01T10:01:07.000000+00:00","level":"INFO","call_id":"mock-call-0068","company_name":"mock-company-4","filename":"mock_service.py","func":"handle_mock_event","message":"Mock event 68 processed","extra":{"request_id":"req-0068","attempt":3,"nested":{"source":"generator","batch":"b-01"}}}
{"timestamp":"2026-03-01T10:01:08.000000+00:00","level":"WARN","call_id":"mock-call-0069","company_name":"mock-company-5","filename":"mock_service.py","func":"handle_mock_event","message":"Mock event 69 processed","extra":{"request_id":"req-0069","attempt":1,"nested":{"source":"generator","batch":"b-02"}}}
{"timestamp":"2026-03-01T10:01:09.000000+00:00","level":"ERROR","call_id":"mock-call-0070","company_name":"mock-company-1","filename":"mock_service.py","func":"handle_mock_event","message":"Mock event 70 processed","extra":{"request_id":"req-0070","attempt":2,"nested":{"source":"generator","batch":"b-03"}}}
{"timestamp":"2026-03-01T10:01:10.000000+00:00","level":"DEBUG","call_id":"mock-call-0071","company_name":"mock-company-2","filename":"mock_service.py","func":"handle_mock_event","message":"Mock event 71 processed","extra":{"request_id":"req-0071","attempt":3,"nested":{"source":"generator","batch":"b-04"}}}
{"timestamp":"2026-03-01T10:01:11.000000+00:00","level":"INFO","call_id":null,"company_name":"mock-company-3","filename":"mock_service.py","func":"handle_mock_event","message":"Mock event 72 processed","extra":{"request_id":"req-0072","attempt":1,"nested":{"source":"generator","batch":"b-01"}}}
{"timestamp":"2026-03-01T10:01:12.000000+00:00","level":"WARN","call_id":"mock-call-0073","company_name":"mock-company-4","filename":"mock_service.py","func":"handle_mock_event","message":"Mock event 73 processed","extra":{"request_id":"req-0073","attempt":2,"nested":{"source":"generator","batch":"b-02"}}}
{"timestamp":"2026-03-01T10:01:13.000000+00:00","level":"ERROR","call_id":"mock-call-0074","company_name":"mock-company-5","filename":"mock_service.py","func":"handle_mock_event","message":"Mock event 74 processed","extra":{"request_id":"req-0074","attempt":3,"nested":{"source":"generator","batch":"b-03"}}}
{"timestamp":"2026-03-01T10:01:14.000000+00:00","level":"DEBUG","call_id":"mock-call-0075","company_name":"mock-company-1","filename":"mock_service.py","func":"handle_mock_event","message":"Mock event 75 processed","extra":{"request_id":"req-0075","attempt":1,"nested":{"source":"generator","batch":"b-04"}}}
{"timestamp":"2026-03-01T10:01:15.000000+00:00","level":"INFO","call_id":"mock-call-0076","company_name":"mock-company-2","filename":"mock_service.py","func":"handle_mock_event","message":"Mock event 76 processed","extra":{"request_id":"req-0076","attempt":2,"nested":{"source":"generator","batch":"b-01"}}}
{"timestamp":"2026-03-01T10:01:16.000000+00:00","level":"WARN","call_id":"mock-call-0077","company_name":"mock-company-3","filename":"mock_service.py","func":"handle_mock_event","message":"Mock event 77 processed","extra":{"request_id":"req-0077","attempt":3,"nested":{"source":"generator","batch":"b-02"}}}
{"timestamp":"2026-03-01T10:01:17.000000+00:00","level":"ERROR","call_id":"mock-call-0078","company_name":"mock-company-4","filename":"mock_service.py","func":"handle_mock_event","message":"Mock event 78 processed","extra":{"request_id":"req-0078","attempt":1,"nested":{"source":"generator","batch":"b-03"}}}
{"timestamp":"2026-03-01T10:01:18.000000+00:00","level":"DEBUG","call_id":"mock-call-0079","company_name":"mock-company-5","filename":"mock_service.py","func":"handle_mock_event","message":"Mock event 79 processed","extra":{"request_id":"req-0079","attempt":2,"nested":{"source":"generator","batch":"b-04"}}}
{"timestamp":"2026-03-01T10:01:19.000000+00:00","level":"INFO","call_id":"mock-call-0080","company_name":"mock-company-1","filename":"mock_service.py","func":"handle_mock_event","message":"Mock event 80 processed","extra":{"request_id":"req-0080","attempt":3,"nested":{"source":"generator","batch":"b-01"}}}
{"timestamp":"2026-03-01T10:01:20.000000+00:00","level":"WARN","call_id":null,"company_name":"mock-company-2","filename":"mock_service.py","func":"handle_mock_event","message":"Mock event 81 processed","extra":{"request_id":"req-0081","attempt":1,"nested":{"source":"generator","batch":"b-02"}}}
{"timestamp":"2026-03-01T10:01:21.000000+00:00","level":"ERROR","call_id":"mock-call-0082","company_name":"mock-company-3","filename":"mock_service.py","func":"handle_mock_event","message":"Mock event 82 processed","extra":{"request_id":"req-0082","attempt":2,"nested":{"source":"generator","batch":"b-03"}}}
{"timestamp":"2026-03-01T10:01:22.000000+00:00","level":"DEBUG","call_id":"mock-call-0083","company_name":"mock-company-4","filename":"mock_service.py","func":"handle_mock_event","message":"Mock event 83 processed","extra":{"request_id":"req-0083","attempt":3,"nested":{"source":"generator","batch":"b-04"}}}
{"timestamp":"2026-03-01T10:01:23.000000+00:00","level":"INFO","call_id":"mock-call-0084","company_name":"mock-company-5","filename":"mock_service.py","func":"handle_mock_event","message":"Mock event 84 processed","extra":{"request_id":"req-0084","attempt":1,"nested":{"source":"generator","batch":"b-01"}}}
{"timestamp":"2026-03-01T10:01:24.000000+00:00","level":"WARN","call_id":"mock-call-0085","company_name":"mock-company-1","filename":"mock_service.py","func":"handle_mock_event","message":"Mock event 85 processed","extra":{"request_id":"req-0085","attempt":2,"nested":{"source":"generator","batch":"b-02"}}}
{"timestamp":"2026-03-01T10:01:25.000000+00:00","level":"ERROR","call_id":"mock-call-0086","company_name":"mock-company-2","filename":"mock_service.py","func":"handle_mock_event","message":"Mock event 86 processed","extra":{"request_id":"req-0086","attempt":3,"nested":{"source":"generator","batch":"b-03"}}}
{"timestamp":"2026-03-01T10:01:26.000000+00:00","level":"DEBUG","call_id":"mock-call-0087","company_name":"mock-company-3","filename":"mock_service.py","func":"handle_mock_event","message":"Mock event 87 processed","extra":{"request_id":"req-0087","attempt":1,"nested":{"source":"generator","batch":"b-04"}}}
{"timestamp":"2026-03-01T10:01:27.000000+00:00","level":"INFO","call_id":"mock-call-0088","company_name":"mock-company-4","filename":"mock_service.py","func":"handle_mock_event","message":"Mock event 88 processed","extra":{"request_id":"req-0088","attempt":2,"nested":{"source":"generator","batch":"b-01"}}}
{"timestamp":"2026-03-01T10:01:28.000000+00:00","level":"WARN","call_id":"mock-call-0089","company_name":"mock-company-5","filename":"mock_service.py","func":"handle_mock_event","message":"Mock event 89 processed","extra":{"request_id":"req-0089","attempt":3,"nested":{"source":"generator","batch":"b-02"}}}
{"timestamp":"2026-03-01T10:01:29.000000+00:00","level":"ERROR","call_id":null,"company_name":"mock-company-1","filename":"mock_service.py","func":"handle_mock_event","message":"Mock event 90 processed","extra":{"request_id":"req-0090","attempt":1,"nested":{"source":"generator","batch":"b-03"}}}
{"timestamp":"2026-03-01T10:01:30.000000+00:00","level":"DEBUG","call_id":"mock-call-0091","company_name":"mock-company-2","filename":"mock_service.py","func":"handle_mock_event","message":"Mock event 91 processed","extra":{"request_id":"req-0091","attempt":2,"nested":{"source":"generator","batch":"b-04"}}}
{"timestamp":"2026-03-01T10:01:31.000000+00:00","level":"INFO","call_id":"mock-call-0092","company_name":"mock-company-3","filename":"mock_service.py","func":"handle_mock_event","message":"Mock event 92 processed","extra":{"request_id":"req-0092","attempt":3,"nested":{"source":"generator","batch":"b-01"}}}
{"timestamp":"2026-03-01T10:01:32.000000+00:00","level":"WARN","call_id":"mock-call-0093","company_name":"mock-company-4","filename":"mock_service.py","func":"handle_mock_event","message":"Mock event 93 processed","extra":{"request_id":"req-0093","attempt":1,"nested":{"source":"generator","batch":"b-02"}}}
{"timestamp":"2026-03-01T10:01:33.000000+00:00","level":"ERROR","call_id":"mock-call-0094","company_name":"mock-company-5","filename":"mock_service.py","func":"handle_mock_event","message":"Mock event 94 processed","extra":{"request_id":"req-0094","attempt":2,"nested":{"source":"generator","batch":"b-03"}}}
{"timestamp":"2026-03-01T10:01:34.000000+00:00","level":"DEBUG","call_id":"mock-call-0095","company_name":"mock-company-1","filename":"mock_service.py","func":"handle_mock_event","message":"Mock event 95 processed","extra":{"request_id":"req-0095","attempt":3,"nested":{"source":"generator","batch":"b-04"}}}
{"timestamp":"2026-03-01T10:01:35.000000+00:00","level":"INFO","call_id":"mock-call-0096","company_name":"mock-company-2","filename":"mock_service.py","func":"handle_mock_event","message":"Mock event 96 processed","extra":{"request_id":"req-0096","attempt":1,"nested":{"source":"generator","batch":"b-01"}}}
{"timestamp":"2026-03-01T10:01:36.000000+00:00","level":"WARN","call_id":"mock-call-0097","company_name":"mock-company-3","filename":"mock_service.py","func":"handle_mock_event","message":"Mock event 97 processed","extra":{"request_id":"req-0097","attempt":2,"nested":{"source":"generator","batch":"b-02"}}}
{"timestamp":"2026-03-01T10:01:37.000000+00:00","level":"ERROR","call_id":"mock-call-0098","company_name":"mock-company-4","filename":"mock_service.py","func":"handle_mock_event","message":"Mock event 98 processed","extra":{"request_id":"req-0098","attempt":3,"nested":{"source":"generator","batch":"b-03"}}}
{"timestamp":"2026-03-01T10:01:38.000000+00:00","level":"DEBUG","call_id":null,"company_name":"mock-company-5","filename":"mock_service.py","func":"handle_mock_event","message":"Mock event 99 processed","extra":{"request_id":"req-0099","attempt":1,"nested":{"source":"generator","batch":"b-04"}}}
{"timestamp":"2026-03-01T10:01:39.000000+00:00","level":"INFO","call_id":"mock-call-0100","company_name":"mock-company-1","filename":"mock_service.py","func":"handle_mock_event","message":"Mock event 100 processed","extra":{"request_id":"req-0100","attempt":2,"nested":{"source":"generator","batch":"b-01"}}}
